This is pdfTeX, Version 3.141592653-2.6-1.40.22 (MiKTeX 21.3) (preloaded format=pdflatex 2021.5.8)  19 MAY 2021 23:08
entering extended mode
**"./Projeto REA.tex"
(Projeto REA.tex
LaTeX2e <2020-10-01> patch level 4
L3 programming layer <2021-02-18> (normas-utf-tex.cls (cvs-id.def)
Document Class: normas-utf-tex 2011/06/19 v2.0
(C:\Users\T-Gamer\AppData\Local\Programs\MiKTeX\tex/latex/base\ifthen.sty
Package: ifthen 2014/09/29 v1.1c Standard LaTeX ifthen package (DPC)
)
(C:\Users\T-Gamer\AppData\Local\Programs\MiKTeX\tex/latex/lastpage\lastpage.sty
Package: lastpage 2015/03/29 v1.2m Refers to last page's name (HMM; JPG)
) (C:\Users\T-Gamer\AppData\Local\Programs\MiKTeX\tex/latex/bigfoot\perpage.sty
Package: perpage 2014/10/25 2.0 Reset/sort counters per page
\c@abspage=\count179
) (abnt.cls (cvs-id.def)
Document Class: abnt 2006/09/09 v1.32 Classe abnt (NBR6024, NBR6027, NBR6028, N
BR14724)
(C:\Users\T-Gamer\AppData\Local\Programs\MiKTeX\tex/latex/latex-tools\calc.sty
Package: calc 2017/05/25 v4.3 Infix arithmetic (KKT,FJ)
\calc@Acount=\count180
\calc@Bcount=\count181
\calc@Adimen=\dimen138
\calc@Bdimen=\dimen139
\calc@Askip=\skip47
\calc@Bskip=\skip48
LaTeX Info: Redefining \setlength on input line 80.
LaTeX Info: Redefining \addtolength on input line 81.
\calc@Ccount=\count182
\calc@Cskip=\skip49
)
(C:\Users\T-Gamer\AppData\Local\Programs\MiKTeX\tex/latex/latex-tools\multicol.
sty
Package: multicol 2019/12/09 v1.8y multicolumn formatting (FMi)
\c@tracingmulticols=\count183
\mult@box=\box47
\multicol@leftmargin=\dimen140
\c@unbalance=\count184
\c@collectmore=\count185
\doublecol@number=\count186
\multicoltolerance=\count187
\multicolpretolerance=\count188
\full@width=\dimen141
\page@free=\dimen142
\premulticols=\dimen143
\postmulticols=\dimen144
\multicolsep=\skip50
\multicolbaselineskip=\skip51
\partial@page=\box48
\last@line=\box49
\maxbalancingoverflow=\dimen145
\mult@rightbox=\box50
\mult@grightbox=\box51
\mult@gfirstbox=\box52
\mult@firstbox=\box53
\@tempa=\box54
\@tempa=\box55
\@tempa=\box56
\@tempa=\box57
\@tempa=\box58
\@tempa=\box59
\@tempa=\box60
\@tempa=\box61
\@tempa=\box62
\@tempa=\box63
\@tempa=\box64
\@tempa=\box65
\@tempa=\box66
\@tempa=\box67
\@tempa=\box68
\@tempa=\box69
\@tempa=\box70
\@tempa=\box71
\@tempa=\box72
\@tempa=\box73
\@tempa=\box74
\@tempa=\box75
\@tempa=\box76
\@tempa=\box77
\@tempa=\box78
\@tempa=\box79
\@tempa=\box80
\@tempa=\box81
\@tempa=\box82
\@tempa=\box83
\@tempa=\box84
\@tempa=\box85
\@tempa=\box86
\@tempa=\box87
\@tempa=\box88
\@tempa=\box89
\@tempa=\box90
\c@minrows=\count189
\c@columnbadness=\count190
\c@finalcolumnbadness=\count191
\last@try=\dimen146
\multicolovershoot=\dimen147
\multicolundershoot=\dimen148
\mult@nat@firstbox=\box91
\colbreak@box=\box92
\mc@col@check@num=\count192
) (abntex-abrev.sty (cvs-id.def)
Package: abntex-abrev 2005/11/14 v1.4 Abreviacoes
 (nbr10522-1988.def (cvs-id.def)
File: nbr10522-1988.def 2003/10/13 v1.2 Abreviacoes bibliograficas (NBR10522:19
88)
)
(abntex-abrev-pt_BR.def (cvs-id.def)
File: abntex-abrev-pt_BR.def 2005/11/14 v1.3 definicao de abntex-abrev, traduca
o de termos en_US/pt_BR
)) (abntex-text.sty (cvs-id.def)
Package: abntex-text 2005/11/14 v1.1 abnTeX text replacements

(abntex-text-pt_BR.def (cvs-id.def)
File: abntex-text-pt_BR.def 2005/12/21 v1.2 Definicao de nomes em Portugues/Bra
sil (pt_BR)
)) (abntex-default-design.sty (cvs-id.def)
Package: abntex-default-design 2005/06/22 v1.2 Definicoes de design padrao do a
bntex

(C:\Users\T-Gamer\AppData\Local\Programs\MiKTeX\tex/latex/relsize\relsize.sty
Package: relsize 2013/03/29 ver 4.1


Package relsize Warning: Failed to get list of defined font sizes.
(relsize)                Size scaling will attempt arbitrary sizes..

)
\ABNTanapindent=\skip52
\ABNTsignwidth=\skip53
\ABNTsignthickness=\skip54
\ABNTsignskip=\skip55
) (nbr6027-1989.def) (nbr14724-2001.def)
(C:\Users\T-Gamer\AppData\Local\Programs\MiKTeX\tex/latex/base\report.cls
Document Class: report 2020/04/10 v1.4m Standard LaTeX document class
(C:\Users\T-Gamer\AppData\Local\Programs\MiKTeX\tex/latex/base\size12.clo
File: size12.clo 2020/04/10 v1.4m Standard LaTeX file (size option)
)
\c@part=\count193
\c@chapter=\count194
\c@section=\count195
\c@subsection=\count196
\c@subsubsection=\count197
\c@paragraph=\count198
\c@subparagraph=\count199
\c@figure=\count266
\c@table=\count267
\abovecaptionskip=\skip56
\belowcaptionskip=\skip57
\bibindent=\dimen149
)
(C:\Users\T-Gamer\AppData\Local\Programs\MiKTeX\tex/latex/setspace\setspace.sty
Package: setspace 2011/12/19 v6.7a set line spacing
) (C:\Users\T-Gamer\AppData\Local\Programs\MiKTeX\tex/latex/psnfss\mathptmx.sty
Package: mathptmx 2020/03/25 PSNFSS-v9.3 Times w/ Math, improved (SPQR, WaS) 
LaTeX Font Info:    Redeclaring symbol font `operators' on input line 28.
LaTeX Font Info:    Overwriting symbol font `operators' in version `normal'
(Font)                  OT1/cmr/m/n --> OT1/ztmcm/m/n on input line 28.
LaTeX Font Info:    Overwriting symbol font `operators' in version `bold'
(Font)                  OT1/cmr/bx/n --> OT1/ztmcm/m/n on input line 28.
LaTeX Font Info:    Redeclaring symbol font `letters' on input line 29.
LaTeX Font Info:    Overwriting symbol font `letters' in version `normal'
(Font)                  OML/cmm/m/it --> OML/ztmcm/m/it on input line 29.
LaTeX Font Info:    Overwriting symbol font `letters' in version `bold'
(Font)                  OML/cmm/b/it --> OML/ztmcm/m/it on input line 29.
LaTeX Font Info:    Redeclaring symbol font `symbols' on input line 30.
LaTeX Font Info:    Overwriting symbol font `symbols' in version `normal'
(Font)                  OMS/cmsy/m/n --> OMS/ztmcm/m/n on input line 30.
LaTeX Font Info:    Overwriting symbol font `symbols' in version `bold'
(Font)                  OMS/cmsy/b/n --> OMS/ztmcm/m/n on input line 30.
LaTeX Font Info:    Redeclaring symbol font `largesymbols' on input line 31.
LaTeX Font Info:    Overwriting symbol font `largesymbols' in version `normal'
(Font)                  OMX/cmex/m/n --> OMX/ztmcm/m/n on input line 31.
LaTeX Font Info:    Overwriting symbol font `largesymbols' in version `bold'
(Font)                  OMX/cmex/m/n --> OMX/ztmcm/m/n on input line 31.
\symbold=\mathgroup4
\symitalic=\mathgroup5
LaTeX Font Info:    Redeclaring math alphabet \mathbf on input line 34.
LaTeX Font Info:    Overwriting math alphabet `\mathbf' in version `normal'
(Font)                  OT1/cmr/bx/n --> OT1/ptm/bx/n on input line 34.
LaTeX Font Info:    Overwriting math alphabet `\mathbf' in version `bold'
(Font)                  OT1/cmr/bx/n --> OT1/ptm/bx/n on input line 34.
LaTeX Font Info:    Redeclaring math alphabet \mathit on input line 35.
LaTeX Font Info:    Overwriting math alphabet `\mathit' in version `normal'
(Font)                  OT1/cmr/m/it --> OT1/ptm/m/it on input line 35.
LaTeX Font Info:    Overwriting math alphabet `\mathit' in version `bold'
(Font)                  OT1/cmr/bx/it --> OT1/ptm/m/it on input line 35.
LaTeX Info: Redefining \hbar on input line 50.
) (C:\Users\T-Gamer\AppData\Local\Programs\MiKTeX\tex/latex/psnfss\helvet.sty
Package: helvet 2020/03/25 PSNFSS-v9.3 (WaS) 

(C:\Users\T-Gamer\AppData\Local\Programs\MiKTeX\tex/latex/graphics\keyval.sty
Package: keyval 2014/10/28 v1.15 key=value parser (DPC)
\KV@toks@=\toks15
))
(C:\Users\T-Gamer\AppData\Local\Programs\MiKTeX\tex/latex/latex-tools\indentfir
st.sty
Package: indentfirst 1995/11/23 v1.03 Indent first paragraph (DPC)
))
(C:\Users\T-Gamer\AppData\Local\Programs\MiKTeX\tex/latex/caption\caption.sty
Package: caption 2020/10/26 v3.5g Customizing captions (AR)

(C:\Users\T-Gamer\AppData\Local\Programs\MiKTeX\tex/latex/caption\caption3.sty
Package: caption3 2020/10/21 v2.2e caption3 kernel (AR)
\captionmargin=\dimen150
\captionmargin@=\dimen151
\captionwidth=\dimen152
\caption@tempdima=\dimen153
\caption@indent=\dimen154
\caption@parindent=\dimen155
\caption@hangindent=\dimen156
Package caption Info: Standard document class detected.
)
\c@caption@flags=\count268
\c@continuedfloat=\count269
)
Package caption Info: Option `declare type' requires the `newfloat' package on 
input line 41.

(C:\Users\T-Gamer\AppData\Local\Programs\MiKTeX\tex/latex/newfloat\newfloat.sty
Package: newfloat 2019/09/02 v1.1l Defining new floating environments (AR)
Package newfloat Info: Unsupported document class, or \@chapter 
(newfloat)             was already redefined by another package.
Package newfloat Info: \@chapter = macro:[#1]#2->\ifthenelse {\boolean {ABNThyp
ertoc}}{\renewcommand {\theHchapter }{\chaptertype \thechapter }}{} \ifnum \c@s
ecnumdepth >\m@ne \refstepcounter {chapter} \ABNTchaptermark {#1}\typeout {\@ch
apapp \space \thechapter .}\ifthenelse {\boolean {ABNTaftertoc}} {\ABNTaddconte
ntsline {toc}{chapter}{\protect \numberline {\thechapter }#1}}{}\else \ABNTchap
termark {#1}\ifthenelse {\boolean {ABNTaftertoc}}{\ABNTaddcontentsline {toc}{ch
apter}{#1}}{}\fi \if@twocolumn \@topnewpage [\@makechapterhead {#2}]\else \@mak
echapterhead {#2}\@afterheading \fi \par .
Package newfloat Info: \Hy@org@chapter = undefined.
)
Package newfloat Info: New float `quadro' with options `name={quadro},listname=
{quadro}' on input line 41.
\c@quadro=\count270
\newfloat@ftype=\count271
Package newfloat Info: float type `quadro'=8 on input line 41.

(C:\Users\T-Gamer\AppData\Local\Programs\MiKTeX\tex/latex/chngcntr\chngcntr.sty
Package: chngcntr 2018/04/09 v1.1a change counter resetting
Package chngcntr Info: \counterwithout already defined.
(chngcntr)             Quitting chngcntr on input line 21.
)) (abntcite.sty (cvs-id.def)
Package: abntcite 2006/04/25 v1.30 Chamadas de referencias no texto (NBR10520, 
NBR10522)
\minimumbiblabelwidth=\skip58
\ABCIauxlen=\skip59
\c@ABCIaux=\count272
\c@ABCImax=\count273
 (nbr10520-2002.def (cvs-id.def)
File: nbr10520-2002.def 2006/04/25 v1.4 Definicoes para abntcite (NBR10520:2002
)
)
\biblabelsep=\skip60
LaTeX Info: Redefining \newblock on input line 466.
LaTeX Info: Redefining \cite on input line 493.
\ABCItoken=\toks16
)
(C:\Users\T-Gamer\AppData\Local\Programs\MiKTeX\tex/latex/algorithm2e\algorithm
2e.sty
Package: algorithm2e 2017/07/18 v5.2 algorithms environments
\c@AlgoLine=\count274
\algocf@hangindent=\skip61

(C:\Users\T-Gamer\AppData\Local\Programs\MiKTeX\tex/latex/ifoddpage\ifoddpage.s
ty
Package: ifoddpage 2016/04/23 v1.1 Conditionals for odd/even page detection
\c@checkoddpage=\count275
)
(C:\Users\T-Gamer\AppData\Local\Programs\MiKTeX\tex/latex/latex-tools\xspace.st
y
Package: xspace 2014/10/28 v1.13 Space after command names (DPC,MH)
)
\skiptotal=\skip62
\skiplinenumber=\skip63
\skiprule=\skip64
\skiphlne=\skip65
\skiptext=\skip66
\skiplength=\skip67
\algomargin=\skip68
\skipalgocfslide=\skip69
\algowidth=\dimen157
\inoutsize=\dimen158
\inoutindent=\dimen159
\interspacetitleruled=\dimen160
\interspacealgoruled=\dimen161
\interspacetitleboxruled=\dimen162
\algocf@ruledwidth=\skip70
\algocf@inoutbox=\box93
\algocf@inputbox=\box94
\AlCapSkip=\skip71
\AlCapHSkip=\skip72
\algoskipindent=\skip73
\algocf@nlbox=\box95
\algocf@hangingbox=\box96
\algocf@untilbox=\box97
\algocf@skipuntil=\skip74
\algocf@capbox=\box98
\algocf@lcaptionbox=\skip75
\algoheightruledefault=\skip76
\algoheightrule=\skip77
\algotitleheightruledefault=\skip78
\algotitleheightrule=\skip79
\c@algocfline=\count276
\c@algocfproc=\count277
\c@algocf=\count278
\algocf@algoframe=\box99
\algocf@algobox=\box100
) (C:\Users\T-Gamer\AppData\Local\Programs\MiKTeX\tex/latex/xcolor\xcolor.sty
Package: xcolor 2016/05/11 v2.12 LaTeX color extensions (UK)

(C:\Users\T-Gamer\AppData\Local\Programs\MiKTeX\tex/latex/graphics-cfg\color.cf
g
File: color.cfg 2016/01/02 v1.6 sample color configuration
)
Package xcolor Info: Driver file: pdftex.def on input line 225.

(C:\Users\T-Gamer\AppData\Local\Programs\MiKTeX\tex/latex/graphics-def\pdftex.d
ef
File: pdftex.def 2020/10/05 v1.2a Graphics/color driver for pdftex
)
(C:\Users\T-Gamer\AppData\Local\Programs\MiKTeX\tex/latex/colortbl\colortbl.sty
Package: colortbl 2020/01/04 v1.0e Color table columns (DPC)

(C:\Users\T-Gamer\AppData\Local\Programs\MiKTeX\tex/latex/latex-tools\array.sty
Package: array 2020/10/01 v2.5c Tabular extension package (FMi)
\col@sep=\dimen163
\ar@mcellbox=\box101
\extrarowheight=\dimen164
\NC@list=\toks17
\extratabsurround=\skip80
\backup@length=\skip81
\ar@cellbox=\box102
)
\everycr=\toks18
\minrowclearance=\skip82
)
\rownum=\count279
Package xcolor Info: Model `cmy' substituted by `cmy0' on input line 1348.
Package xcolor Info: Model `hsb' substituted by `rgb' on input line 1352.
Package xcolor Info: Model `RGB' extended on input line 1364.
Package xcolor Info: Model `HTML' substituted by `rgb' on input line 1366.
Package xcolor Info: Model `Hsb' substituted by `hsb' on input line 1367.
Package xcolor Info: Model `tHsb' substituted by `hsb' on input line 1368.
Package xcolor Info: Model `HSB' substituted by `hsb' on input line 1369.
Package xcolor Info: Model `Gray' substituted by `gray' on input line 1370.
Package xcolor Info: Model `wave' substituted by `hsb' on input line 1371.
) (C:\Users\T-Gamer\AppData\Local\Programs\MiKTeX\tex/generic/babel\babel.sty
Package: babel 2021/04/26 3.58 The Babel package
(C:\Users\T-Gamer\AppData\Local\Programs\MiKTeX\tex/generic/babel\babel.def
File: babel.def 2021/04/26 3.58 Babel common definitions
\babel@savecnt=\count280
\U@D=\dimen165
\l@unhyphenated=\language79

(C:\Users\T-Gamer\AppData\Local\Programs\MiKTeX\tex/generic/babel\txtbabel.def)
\bbl@readstream=\read2
)
\bbl@dirlevel=\count281

*************************************
* Local config file bblopts.cfg used
*
(C:\Users\T-Gamer\AppData\Local\Programs\MiKTeX\tex/latex/arabi\bblopts.cfg
File: bblopts.cfg 2005/09/08 v0.1 add Arabic and Farsi to "declared" options of
 babel
)
(C:\Users\T-Gamer\AppData\Local\Programs\MiKTeX\tex/latex/babel-portuges\brazil
.ldf
Language: portuges 2021/02/04 v1.2s Portuguese support from the babel system
Package babel Info: Hyphen rules for 'brazil' set to \l@portuguese
(babel)             (\language56). Reported on input line 111.
Package babel Info: Making " an active character on input line 143.
))
(C:\Users\T-Gamer\AppData\Local\Programs\MiKTeX\tex/latex/base\inputenc.sty
Package: inputenc 2020/08/01 v1.3d Input encoding file
\inpenc@prehook=\toks19
\inpenc@posthook=\toks20
)
(C:\Users\T-Gamer\AppData\Local\Programs\MiKTeX\tex/latex/amsmath\amsmath.sty
Package: amsmath 2020/09/23 v2.17i AMS math features
\@mathmargin=\skip83

For additional information on amsmath, use the `?' option.
(C:\Users\T-Gamer\AppData\Local\Programs\MiKTeX\tex/latex/amsmath\amstext.sty
Package: amstext 2000/06/29 v2.01 AMS text

(C:\Users\T-Gamer\AppData\Local\Programs\MiKTeX\tex/latex/amsmath\amsgen.sty
File: amsgen.sty 1999/11/30 v2.0 generic functions
\@emptytoks=\toks21
\ex@=\dimen166
))
(C:\Users\T-Gamer\AppData\Local\Programs\MiKTeX\tex/latex/amsmath\amsbsy.sty
Package: amsbsy 1999/11/29 v1.2d Bold Symbols
\pmbraise@=\dimen167
)
(C:\Users\T-Gamer\AppData\Local\Programs\MiKTeX\tex/latex/amsmath\amsopn.sty
Package: amsopn 2016/03/08 v2.02 operator names
)
\inf@bad=\count282
LaTeX Info: Redefining \frac on input line 234.
\uproot@=\count283
\leftroot@=\count284
LaTeX Info: Redefining \overline on input line 399.
\classnum@=\count285
\DOTSCASE@=\count286
LaTeX Info: Redefining \ldots on input line 496.
LaTeX Info: Redefining \dots on input line 499.
LaTeX Info: Redefining \cdots on input line 620.
\Mathstrutbox@=\box103
\strutbox@=\box104
\big@size=\dimen168
LaTeX Font Info:    Redeclaring font encoding OML on input line 743.
LaTeX Font Info:    Redeclaring font encoding OMS on input line 744.
\macc@depth=\count287
\c@MaxMatrixCols=\count288
\dotsspace@=\muskip16
\c@parentequation=\count289
\dspbrk@lvl=\count290
\tag@help=\toks22
\row@=\count291
\column@=\count292
\maxfields@=\count293
\andhelp@=\toks23
\eqnshift@=\dimen169
\alignsep@=\dimen170
\tagshift@=\dimen171
\tagwidth@=\dimen172
\totwidth@=\dimen173
\lineht@=\dimen174
\@envbody=\toks24
\multlinegap=\skip84
\multlinetaggap=\skip85
\mathdisplay@stack=\toks25
LaTeX Info: Redefining \[ on input line 2923.
LaTeX Info: Redefining \] on input line 2924.
)
(C:\Users\T-Gamer\AppData\Local\Programs\MiKTeX\tex/latex/amsfonts\amsfonts.sty
Package: amsfonts 2013/01/14 v3.01 Basic AMSFonts support
\symAMSa=\mathgroup6
\symAMSb=\mathgroup7
LaTeX Font Info:    Overwriting math alphabet `\mathfrak' in version `bold'
(Font)                  U/euf/m/n --> U/euf/b/n on input line 106.
)
(C:\Users\T-Gamer\AppData\Local\Programs\MiKTeX\tex/latex/amsfonts\amssymb.sty
Package: amssymb 2013/01/14 v3.01 AMS font symbols
)
(C:\Users\T-Gamer\AppData\Local\Programs\MiKTeX\tex/latex/graphics\graphicx.sty
Package: graphicx 2020/09/09 v1.2b Enhanced LaTeX Graphics (DPC,SPQR)

(C:\Users\T-Gamer\AppData\Local\Programs\MiKTeX\tex/latex/graphics\graphics.sty
Package: graphics 2020/08/30 v1.4c Standard LaTeX Graphics (DPC,SPQR)
(C:\Users\T-Gamer\AppData\Local\Programs\MiKTeX\tex/latex/graphics\trig.sty
Package: trig 2016/01/03 v1.10 sin cos tan (DPC)
)
(C:\Users\T-Gamer\AppData\Local\Programs\MiKTeX\tex/latex/graphics-cfg\graphics
.cfg
File: graphics.cfg 2016/06/04 v1.11 sample graphics configuration
)
Package graphics Info: Driver file: pdftex.def on input line 105.
)
\Gin@req@height=\dimen175
\Gin@req@width=\dimen176
)
(C:\Users\T-Gamer\AppData\Local\Programs\MiKTeX\tex/latex/psnfss\times.sty
Package: times 2020/03/25 PSNFSS-v9.3 (SPQR) 
)
(C:\Users\T-Gamer\AppData\Local\Programs\MiKTeX\tex/latex/pdfpages\pdfpages.sty
Package: pdfpages 2021/03/06 v0.5t Insert pages of external PDF documents (AM)
(C:\Users\T-Gamer\AppData\Local\Programs\MiKTeX\tex/latex/eso-pic\eso-pic.sty
Package: eso-pic 2020/10/14 v3.0a eso-pic (RN)
\ESO@tempdima=\dimen177
\ESO@tempdimb=\dimen178
)
\AM@pagewidth=\dimen179
\AM@pageheight=\dimen180
\AM@fboxrule=\dimen181

(C:\Users\T-Gamer\AppData\Local\Programs\MiKTeX\tex/latex/pdfpages\pppdftex.def
File: pppdftex.def 2021/03/06 v0.5t Pdfpages driver for pdfTeX (AM)
)
\pdfpages@includegraphics@status=\count294
\AM@pagebox=\box105
\AM@global@opts=\toks26
\AM@pagecnt=\count295
\AM@toc@title=\toks27
\c@AM@survey=\count296
\AM@templatesizebox=\box106
) (C:\Users\T-Gamer\AppData\Local\Programs\MiKTeX\tex/latex/mhchem\mhchem.sty
Package: mhchem 2018/06/22 v4.08 for typesetting chemical formulae

(C:\Users\T-Gamer\AppData\Local\Programs\MiKTeX\tex/latex/l3kernel\expl3.sty
Package: expl3 2021-02-18 L3 programming layer (loader) 

(C:\Users\T-Gamer\AppData\Local\Programs\MiKTeX\tex/latex/l3backend\l3backend-p
dftex.def
File: l3backend-pdftex.def 2021-03-18 L3 backend support: PDF output (pdfTeX)
\l__color_backend_stack_int=\count297
\l__pdf_internal_box=\box107
))
(C:\Users\T-Gamer\AppData\Local\Programs\MiKTeX\tex/latex/l3packages/l3keys2e\l
3keys2e.sty
Package: l3keys2e 2021-03-12 LaTeX2e option processing using LaTeX3 keys
)
(C:\Users\T-Gamer\AppData\Local\Programs\MiKTeX\tex/latex/chemgreek\chemgreek.s
ty
(C:\Users\T-Gamer\AppData\Local\Programs\MiKTeX\tex/latex/l3packages/xparse\xpa
rse.sty
(C:\Users\T-Gamer\AppData\Local\Programs\MiKTeX\tex/latex/l3packages/xparse\xpa
rse-2020-10-01.sty
(C:\Users\T-Gamer\AppData\Local\Programs\MiKTeX\tex/latex/l3packages/xparse\xpa
rse-generic.tex)))
Package: chemgreek 2020/01/16 v1.1a interface for upright Greek letters for use
 in chemistry (CN)
\l__chemgreek_tmpa_int=\count298
\g__chemgreek_tmpa_int=\count299
)
\l__mhchem_ce_distanceFromLastComma_int=\count300
\__mhchem_arrow_extPgfLength_skip=\skip86
\mhchem@minispace@tmp=\skip87
\mhchem@minibackspace@tmp=\skip88
\mhchem@bondwidth=\skip89
\mhchem@bondheight=\skip90
\mhchem@smallbondwidth@tmpA=\skip91
\mhchem@smallbondwidth@tmpB=\skip92
\mhchem@smallbondwidth=\skip93
\mhchem@bondtmp@minussidebearingleft=\skip94
\mhchem@bondtmp@minussidebearingright=\skip95
\l__mhchem_option_version_int=\count301
\mhchem@option@minusmathsidebearingleft=\dimen182
\mhchem@option@minusmathsidebearingright=\dimen183
\mhchem@option@minustextsidebearingleft=\dimen184
\mhchem@option@minustextsidebearingright=\dimen185
)
(C:\Users\T-Gamer\AppData\Local\Programs\MiKTeX\tex/latex/subfig\subfig.sty
Package: subfig 2005/06/28 ver: 1.3 subfig package
\c@KVtest=\count302
\sf@farskip=\skip96
\sf@captopadj=\dimen186
\sf@capskip=\skip97
\sf@nearskip=\skip98
\c@subfigure=\count303
\c@subfigure@save=\count304
\c@lofdepth=\count305
\c@subtable=\count306
\c@subtable@save=\count307
\c@lotdepth=\count308
\sf@top=\skip99
\sf@bottom=\skip100
)
(C:\Users\T-Gamer\AppData\Local\Programs\MiKTeX\tex/latex/koma-script\typearea.
sty
Package: typearea 2021/03/17 v3.33 KOMA-Script package (type area)

(C:\Users\T-Gamer\AppData\Local\Programs\MiKTeX\tex/latex/koma-script\scrkbase.
sty
Package: scrkbase 2021/03/17 v3.33 KOMA-Script package (KOMA-Script-dependent b
asics and keyval usage)

(C:\Users\T-Gamer\AppData\Local\Programs\MiKTeX\tex/latex/koma-script\scrbase.s
ty
Package: scrbase 2021/03/17 v3.33 KOMA-Script package (KOMA-Script-independent 
basics and keyval usage)

(C:\Users\T-Gamer\AppData\Local\Programs\MiKTeX\tex/latex/koma-script\scrlfile.
sty
Package: scrlfile 2021/03/17 v3.33 KOMA-Script package (file load hooks)

(C:\Users\T-Gamer\AppData\Local\Programs\MiKTeX\tex/latex/koma-script\scrlfile-
hook.sty
Package: scrlfile-hook 2021/03/17 v3.33 KOMA-Script package (using LaTeX hooks)


(C:\Users\T-Gamer\AppData\Local\Programs\MiKTeX\tex/latex/koma-script\scrlogo.s
ty
Package: scrlogo 2021/03/17 v3.33 KOMA-Script package (logo)
)))
Skipping: [2021/05/01] Usage of raw option list on input line 252.
Applying: [0000/00/00] compatibility for LaTeX before 2021/05/01 on input line 
337.
))
\ta@bcor=\skip101
\ta@div=\count309
\ta@hblk=\skip102
\ta@vblk=\skip103
\ta@temp=\skip104
\footheight=\skip105
LaTeX Font Info:    Trying to load font information for OT1+ptm on input line 1
741.

(C:\Users\T-Gamer\AppData\Local\Programs\MiKTeX\tex/latex/psnfss\ot1ptm.fd
File: ot1ptm.fd 2001/06/04 font definitions for OT1/ptm.
)
Package typearea Info: These are the values describing the layout:
(typearea)             DIV  = 12
(typearea)             BCOR = 0.0pt
(typearea)             \paperwidth      = 597.50793pt
(typearea)              \textwidth      = 448.13095pt
(typearea)              DIV departure   = -11%
(typearea)              \evensidemargin = 2.4185pt
(typearea)              \oddsidemargin  = 2.4185pt
(typearea)             \paperheight     = 845.04694pt
(typearea)              \textheight     = 635.5pt
(typearea)              \topmargin      = -41.72441pt
(typearea)              \headheight     = 18.125pt
(typearea)              \headsep        = 21.75pt
(typearea)              \topskip        = 12.0pt
(typearea)              \footskip       = 50.75pt
(typearea)              \baselineskip   = 14.5pt
(typearea)              on input line 1741.
)
(C:\Users\T-Gamer\AppData\Local\Programs\MiKTeX\tex/latex/pdflscape\pdflscape.s
ty
Package: pdflscape 2019/12/05 v0.12 Display of landscape pages in PDF (HO)
 (C:\Users\T-Gamer\AppData\Local\Programs\MiKTeX\tex/generic/iftex\iftex.sty
Package: iftex 2020/03/06 v1.0d TeX engine tests
) (C:\Users\T-Gamer\AppData\Local\Programs\MiKTeX\tex/latex/graphics\lscape.sty
Package: lscape 2020/05/28 v3.02 Landscape Pages (DPC)
)
Package pdflscape Info: Auto-detected driver: pdftex on input line 81.
) (C:\Users\T-Gamer\AppData\Local\Programs\MiKTeX\tex/latex/url\url.sty
\Urlmuskip=\muskip17
Package: url 2013/09/16  ver 3.4  Verb mode for urls, etc.
)
(C:\Users\T-Gamer\AppData\Local\Programs\MiKTeX\tex/latex/minted\minted.sty
Package: minted 2017/07/19 v2.5 Yet another Pygments shim for LaTeX

(C:\Users\T-Gamer\AppData\Local\Programs\MiKTeX\tex/latex/kvoptions\kvoptions.s
ty
Package: kvoptions 2020-10-07 v3.14 Key value format for package options (HO)

(C:\Users\T-Gamer\AppData\Local\Programs\MiKTeX\tex/generic/ltxcmds\ltxcmds.sty
Package: ltxcmds 2020-05-10 v1.25 LaTeX kernel commands for general use (HO)
)
(C:\Users\T-Gamer\AppData\Local\Programs\MiKTeX\tex/generic/kvsetkeys\kvsetkeys
.sty
Package: kvsetkeys 2019/12/15 v1.18 Key value parser (HO)
))
(C:\Users\T-Gamer\AppData\Local\Programs\MiKTeX\tex/latex/fvextra\fvextra.sty
Package: fvextra 2019/02/04 v1.4 fvextra - extensions and patches for fancyvrb

(C:\Users\T-Gamer\AppData\Local\Programs\MiKTeX\tex/latex/etoolbox\etoolbox.sty
Package: etoolbox 2020/10/05 v2.5k e-TeX tools for LaTeX (JAW)
\etb@tempcnta=\count310
)
(C:\Users\T-Gamer\AppData\Local\Programs\MiKTeX\tex/latex/fancyvrb\fancyvrb.sty
Package: fancyvrb 2021/01/20 v3.7 verbatim text (tvz,hv)
\FV@CodeLineNo=\count311
\FV@InFile=\read3
\FV@TabBox=\box108
\c@FancyVerbLine=\count312
\FV@StepNumber=\count313
\FV@OutFile=\write3
) (C:\Users\T-Gamer\AppData\Local\Programs\MiKTeX\tex/latex/upquote\upquote.sty
Package: upquote 2012/04/19 v1.3 upright-quote and grave-accent glyphs in verba
tim
(C:\Users\T-Gamer\AppData\Local\Programs\MiKTeX\tex/latex/base\textcomp.sty
Package: textcomp 2020/02/02 v2.0n Standard LaTeX package
))
(C:\Users\T-Gamer\AppData\Local\Programs\MiKTeX\tex/latex/lineno\lineno.sty
Package: lineno 2005/11/02 line numbers on paragraphs v4.41
\linenopenalty=\count314
\output=\toks28
\linenoprevgraf=\count315
\linenumbersep=\dimen187
\linenumberwidth=\dimen188
\c@linenumber=\count316
\c@pagewiselinenumber=\count317
\c@LN@truepage=\count318
\c@internallinenumber=\count319
\c@internallinenumbers=\count320
\quotelinenumbersep=\dimen189
\bframerule=\dimen190
\bframesep=\dimen191
\bframebox=\box109
LaTeX Info: Redefining \\ on input line 3056.
)
\c@FV@TrueTabGroupLevel=\count321
\c@FV@TrueTabCounter=\count322
\FV@TabBox@Group=\box110
\FV@TmpLength=\skip106
\c@FV@HighlightLinesStart=\count323
\c@FV@HighlightLinesStop=\count324
\FV@LoopCount=\count325
\FV@NCharsBox=\box111
\FV@BreakIndent=\dimen192
\FV@BreakIndentNChars=\count326
\FV@BreakSymbolSepLeft=\dimen193
\FV@BreakSymbolSepLeftNChars=\count327
\FV@BreakSymbolSepRight=\dimen194
\FV@BreakSymbolSepRightNChars=\count328
\FV@BreakSymbolIndentLeft=\dimen195
\FV@BreakSymbolIndentLeftNChars=\count329
\FV@BreakSymbolIndentRight=\dimen196
\FV@BreakSymbolIndentRightNChars=\count330
\c@FancyVerbLineBreakLast=\count331
\FV@LineBox=\box112
\FV@LineIndentBox=\box113
\FV@LineWidth=\dimen197
)
(C:\Users\T-Gamer\AppData\Local\Programs\MiKTeX\tex/latex/latex-tools\shellesc.
sty
Package: shellesc 2019/11/08 v1.0c unified shell escape interface for LaTeX
Package shellesc Info: Unrestricted shell escape enabled on input line 75.
)
(C:\Users\T-Gamer\AppData\Local\Programs\MiKTeX\tex/latex/ifplatform\ifplatform
.sty
Package: ifplatform 2017/10/13 v0.4a Testing for the operating system

(C:\Users\T-Gamer\AppData\Local\Programs\MiKTeX\tex/generic/pdftexcmds\pdftexcm
ds.sty
Package: pdftexcmds 2020-06-27 v0.33 Utility functions of pdfTeX for LuaTeX (HO
)

(C:\Users\T-Gamer\AppData\Local\Programs\MiKTeX\tex/generic/infwarerr\infwarerr
.sty
Package: infwarerr 2019/12/03 v1.5 Providing info/warning/error messages (HO)
)
Package pdftexcmds Info: \pdf@primitive is available.
Package pdftexcmds Info: \pdf@ifprimitive is available.
Package pdftexcmds Info: \pdfdraftmode found.
)
(C:\Users\T-Gamer\AppData\Local\Programs\MiKTeX\tex/generic/catchfile\catchfile
.sty
Package: catchfile 2019/12/09 v1.8 Catch the contents of a file (HO)

(C:\Users\T-Gamer\AppData\Local\Programs\MiKTeX\tex/generic/etexcmds\etexcmds.s
ty
Package: etexcmds 2019/12/15 v1.7 Avoid name clashes with e-TeX commands (HO)
))
(C:\Users\T-Gamer\AppData\Local\Programs\MiKTeX\tex/generic/iftex\ifluatex.sty
Package: ifluatex 2019/10/25 v1.5 ifluatex legacy package. Use iftex instead.
)) (C:\Users\T-Gamer\AppData\Local\Programs\MiKTeX\tex/latex/xstring\xstring.st
y
(C:\Users\T-Gamer\AppData\Local\Programs\MiKTeX\tex/generic/xstring\xstring.tex
\integerpart=\count332
\decimalpart=\count333
)
Package: xstring 2019/02/06 v1.83 String manipulations (CT)
) (C:\Users\T-Gamer\AppData\Local\Programs\MiKTeX\tex/latex/framed\framed.sty
Package: framed 2011/10/22 v 0.96: framed or shaded text with page breaks
\OuterFrameSep=\skip107
\fb@frw=\dimen198
\fb@frh=\dimen199
\FrameRule=\dimen256
\FrameSep=\dimen257
) (C:\Users\T-Gamer\AppData\Local\Programs\MiKTeX\tex/latex/float\float.sty
Package: float 2001/11/08 v1.3d Float enhancements (AL)
\c@float@type=\count334
\float@exts=\toks29
\float@box=\box114
\@float@everytoks=\toks30
\@floatcapt=\box115
)
\minted@appexistsfile=\read4
\minted@bgbox=\box116
\minted@code=\write4
\c@minted@FancyVerbLineTemp=\count335
\c@minted@pygmentizecounter=\count336
\@float@every@listing=\toks31
\c@listing=\count337
)
runsystem(if not exist _minted-Projeto_REA mkdir _minted-Projeto_REA)...execute
d.


(C:\Users\T-Gamer\AppData\Local\Programs\MiKTeX\tex/latex/tcolorbox\tcolorbox.s
ty
Package: tcolorbox 2020/10/09 version 4.42 text color boxes

(C:\Users\T-Gamer\AppData\Local\Programs\MiKTeX\tex/latex/pgf/basiclayer\pgf.st
y
(C:\Users\T-Gamer\AppData\Local\Programs\MiKTeX\tex/latex/pgf/utilities\pgfrcs.
sty
(C:\Users\T-Gamer\AppData\Local\Programs\MiKTeX\tex/generic/pgf/utilities\pgfut
il-common.tex
\pgfutil@everybye=\toks32
\pgfutil@tempdima=\dimen258
\pgfutil@tempdimb=\dimen259

(C:\Users\T-Gamer\AppData\Local\Programs\MiKTeX\tex/generic/pgf/utilities\pgfut
il-common-lists.tex))
(C:\Users\T-Gamer\AppData\Local\Programs\MiKTeX\tex/generic/pgf/utilities\pgfut
il-latex.def
\pgfutil@abb=\box117
)
(C:\Users\T-Gamer\AppData\Local\Programs\MiKTeX\tex/generic/pgf/utilities\pgfrc
s.code.tex
(C:\Users\T-Gamer\AppData\Local\Programs\MiKTeX\tex/generic/pgf\pgf.revision.te
x)
Package: pgfrcs 2020/12/27 v3.1.8b (3.1.8b)
))
Package: pgf 2020/12/27 v3.1.8b (3.1.8b)

(C:\Users\T-Gamer\AppData\Local\Programs\MiKTeX\tex/latex/pgf/basiclayer\pgfcor
e.sty
(C:\Users\T-Gamer\AppData\Local\Programs\MiKTeX\tex/latex/pgf/systemlayer\pgfsy
s.sty
(C:\Users\T-Gamer\AppData\Local\Programs\MiKTeX\tex/generic/pgf/systemlayer\pgf
sys.code.tex
Package: pgfsys 2020/12/27 v3.1.8b (3.1.8b)

(C:\Users\T-Gamer\AppData\Local\Programs\MiKTeX\tex/generic/pgf/utilities\pgfke
ys.code.tex
\pgfkeys@pathtoks=\toks33
\pgfkeys@temptoks=\toks34

(C:\Users\T-Gamer\AppData\Local\Programs\MiKTeX\tex/generic/pgf/utilities\pgfke
ysfiltered.code.tex
\pgfkeys@tmptoks=\toks35
))
\pgf@x=\dimen260
\pgf@y=\dimen261
\pgf@xa=\dimen262
\pgf@ya=\dimen263
\pgf@xb=\dimen264
\pgf@yb=\dimen265
\pgf@xc=\dimen266
\pgf@yc=\dimen267
\pgf@xd=\dimen268
\pgf@yd=\dimen269
\w@pgf@writea=\write5
\r@pgf@reada=\read5
\c@pgf@counta=\count338
\c@pgf@countb=\count339
\c@pgf@countc=\count340
\c@pgf@countd=\count341
\t@pgf@toka=\toks36
\t@pgf@tokb=\toks37
\t@pgf@tokc=\toks38
\pgf@sys@id@count=\count342

(C:\Users\T-Gamer\AppData\Local\Programs\MiKTeX\tex/generic/pgf/systemlayer\pgf
.cfg
File: pgf.cfg 2020/12/27 v3.1.8b (3.1.8b)
)
Driver file for pgf: pgfsys-pdftex.def

(C:\Users\T-Gamer\AppData\Local\Programs\MiKTeX\tex/generic/pgf/systemlayer\pgf
sys-pdftex.def
File: pgfsys-pdftex.def 2020/12/27 v3.1.8b (3.1.8b)

(C:\Users\T-Gamer\AppData\Local\Programs\MiKTeX\tex/generic/pgf/systemlayer\pgf
sys-common-pdf.def
File: pgfsys-common-pdf.def 2020/12/27 v3.1.8b (3.1.8b)
)))
(C:\Users\T-Gamer\AppData\Local\Programs\MiKTeX\tex/generic/pgf/systemlayer\pgf
syssoftpath.code.tex
File: pgfsyssoftpath.code.tex 2020/12/27 v3.1.8b (3.1.8b)
\pgfsyssoftpath@smallbuffer@items=\count343
\pgfsyssoftpath@bigbuffer@items=\count344
)
(C:\Users\T-Gamer\AppData\Local\Programs\MiKTeX\tex/generic/pgf/systemlayer\pgf
sysprotocol.code.tex
File: pgfsysprotocol.code.tex 2020/12/27 v3.1.8b (3.1.8b)
))
(C:\Users\T-Gamer\AppData\Local\Programs\MiKTeX\tex/generic/pgf/basiclayer\pgfc
ore.code.tex
Package: pgfcore 2020/12/27 v3.1.8b (3.1.8b)

(C:\Users\T-Gamer\AppData\Local\Programs\MiKTeX\tex/generic/pgf/math\pgfmath.co
de.tex
(C:\Users\T-Gamer\AppData\Local\Programs\MiKTeX\tex/generic/pgf/math\pgfmathcal
c.code.tex
(C:\Users\T-Gamer\AppData\Local\Programs\MiKTeX\tex/generic/pgf/math\pgfmathuti
l.code.tex)
(C:\Users\T-Gamer\AppData\Local\Programs\MiKTeX\tex/generic/pgf/math\pgfmathpar
ser.code.tex
\pgfmath@dimen=\dimen270
\pgfmath@count=\count345
\pgfmath@box=\box118
\pgfmath@toks=\toks39
\pgfmath@stack@operand=\toks40
\pgfmath@stack@operation=\toks41
)
(C:\Users\T-Gamer\AppData\Local\Programs\MiKTeX\tex/generic/pgf/math\pgfmathfun
ctions.code.tex
(C:\Users\T-Gamer\AppData\Local\Programs\MiKTeX\tex/generic/pgf/math\pgfmathfun
ctions.basic.code.tex)
(C:\Users\T-Gamer\AppData\Local\Programs\MiKTeX\tex/generic/pgf/math\pgfmathfun
ctions.trigonometric.code.tex)
(C:\Users\T-Gamer\AppData\Local\Programs\MiKTeX\tex/generic/pgf/math\pgfmathfun
ctions.random.code.tex)
(C:\Users\T-Gamer\AppData\Local\Programs\MiKTeX\tex/generic/pgf/math\pgfmathfun
ctions.comparison.code.tex)
(C:\Users\T-Gamer\AppData\Local\Programs\MiKTeX\tex/generic/pgf/math\pgfmathfun
ctions.base.code.tex)
(C:\Users\T-Gamer\AppData\Local\Programs\MiKTeX\tex/generic/pgf/math\pgfmathfun
ctions.round.code.tex)
(C:\Users\T-Gamer\AppData\Local\Programs\MiKTeX\tex/generic/pgf/math\pgfmathfun
ctions.misc.code.tex)
(C:\Users\T-Gamer\AppData\Local\Programs\MiKTeX\tex/generic/pgf/math\pgfmathfun
ctions.integerarithmetics.code.tex)))
(C:\Users\T-Gamer\AppData\Local\Programs\MiKTeX\tex/generic/pgf/math\pgfmathflo
at.code.tex
\c@pgfmathroundto@lastzeros=\count346
))
(C:\Users\T-Gamer\AppData\Local\Programs\MiKTeX\tex/generic/pgf/math\pgfint.cod
e.tex)
(C:\Users\T-Gamer\AppData\Local\Programs\MiKTeX\tex/generic/pgf/basiclayer\pgfc
orepoints.code.tex
File: pgfcorepoints.code.tex 2020/12/27 v3.1.8b (3.1.8b)
\pgf@picminx=\dimen271
\pgf@picmaxx=\dimen272
\pgf@picminy=\dimen273
\pgf@picmaxy=\dimen274
\pgf@pathminx=\dimen275
\pgf@pathmaxx=\dimen276
\pgf@pathminy=\dimen277
\pgf@pathmaxy=\dimen278
\pgf@xx=\dimen279
\pgf@xy=\dimen280
\pgf@yx=\dimen281
\pgf@yy=\dimen282
\pgf@zx=\dimen283
\pgf@zy=\dimen284
)
(C:\Users\T-Gamer\AppData\Local\Programs\MiKTeX\tex/generic/pgf/basiclayer\pgfc
orepathconstruct.code.tex
File: pgfcorepathconstruct.code.tex 2020/12/27 v3.1.8b (3.1.8b)
\pgf@path@lastx=\dimen285
\pgf@path@lasty=\dimen286
)
(C:\Users\T-Gamer\AppData\Local\Programs\MiKTeX\tex/generic/pgf/basiclayer\pgfc
orepathusage.code.tex
File: pgfcorepathusage.code.tex 2020/12/27 v3.1.8b (3.1.8b)
\pgf@shorten@end@additional=\dimen287
\pgf@shorten@start@additional=\dimen288
)
(C:\Users\T-Gamer\AppData\Local\Programs\MiKTeX\tex/generic/pgf/basiclayer\pgfc
orescopes.code.tex
File: pgfcorescopes.code.tex 2020/12/27 v3.1.8b (3.1.8b)
\pgfpic=\box119
\pgf@hbox=\box120
\pgf@layerbox@main=\box121
\pgf@picture@serial@count=\count347
)
(C:\Users\T-Gamer\AppData\Local\Programs\MiKTeX\tex/generic/pgf/basiclayer\pgfc
oregraphicstate.code.tex
File: pgfcoregraphicstate.code.tex 2020/12/27 v3.1.8b (3.1.8b)
\pgflinewidth=\dimen289
)
(C:\Users\T-Gamer\AppData\Local\Programs\MiKTeX\tex/generic/pgf/basiclayer\pgfc
oretransformations.code.tex
File: pgfcoretransformations.code.tex 2020/12/27 v3.1.8b (3.1.8b)
\pgf@pt@x=\dimen290
\pgf@pt@y=\dimen291
\pgf@pt@temp=\dimen292
)
(C:\Users\T-Gamer\AppData\Local\Programs\MiKTeX\tex/generic/pgf/basiclayer\pgfc
orequick.code.tex
File: pgfcorequick.code.tex 2020/12/27 v3.1.8b (3.1.8b)
)
(C:\Users\T-Gamer\AppData\Local\Programs\MiKTeX\tex/generic/pgf/basiclayer\pgfc
oreobjects.code.tex
File: pgfcoreobjects.code.tex 2020/12/27 v3.1.8b (3.1.8b)
)
(C:\Users\T-Gamer\AppData\Local\Programs\MiKTeX\tex/generic/pgf/basiclayer\pgfc
orepathprocessing.code.tex
File: pgfcorepathprocessing.code.tex 2020/12/27 v3.1.8b (3.1.8b)
)
(C:\Users\T-Gamer\AppData\Local\Programs\MiKTeX\tex/generic/pgf/basiclayer\pgfc
orearrows.code.tex
File: pgfcorearrows.code.tex 2020/12/27 v3.1.8b (3.1.8b)
\pgfarrowsep=\dimen293
)
(C:\Users\T-Gamer\AppData\Local\Programs\MiKTeX\tex/generic/pgf/basiclayer\pgfc
oreshade.code.tex
File: pgfcoreshade.code.tex 2020/12/27 v3.1.8b (3.1.8b)
\pgf@max=\dimen294
\pgf@sys@shading@range@num=\count348
\pgf@shadingcount=\count349
)
(C:\Users\T-Gamer\AppData\Local\Programs\MiKTeX\tex/generic/pgf/basiclayer\pgfc
oreimage.code.tex
File: pgfcoreimage.code.tex 2020/12/27 v3.1.8b (3.1.8b)

(C:\Users\T-Gamer\AppData\Local\Programs\MiKTeX\tex/generic/pgf/basiclayer\pgfc
oreexternal.code.tex
File: pgfcoreexternal.code.tex 2020/12/27 v3.1.8b (3.1.8b)
\pgfexternal@startupbox=\box122
))
(C:\Users\T-Gamer\AppData\Local\Programs\MiKTeX\tex/generic/pgf/basiclayer\pgfc
orelayers.code.tex
File: pgfcorelayers.code.tex 2020/12/27 v3.1.8b (3.1.8b)
)
(C:\Users\T-Gamer\AppData\Local\Programs\MiKTeX\tex/generic/pgf/basiclayer\pgfc
oretransparency.code.tex
File: pgfcoretransparency.code.tex 2020/12/27 v3.1.8b (3.1.8b)
)
(C:\Users\T-Gamer\AppData\Local\Programs\MiKTeX\tex/generic/pgf/basiclayer\pgfc
orepatterns.code.tex
File: pgfcorepatterns.code.tex 2020/12/27 v3.1.8b (3.1.8b)
)
(C:\Users\T-Gamer\AppData\Local\Programs\MiKTeX\tex/generic/pgf/basiclayer\pgfc
orerdf.code.tex
File: pgfcorerdf.code.tex 2020/12/27 v3.1.8b (3.1.8b)
)))
(C:\Users\T-Gamer\AppData\Local\Programs\MiKTeX\tex/generic/pgf/modules\pgfmodu
leshapes.code.tex
File: pgfmoduleshapes.code.tex 2020/12/27 v3.1.8b (3.1.8b)
\pgfnodeparttextbox=\box123
)
(C:\Users\T-Gamer\AppData\Local\Programs\MiKTeX\tex/generic/pgf/modules\pgfmodu
leplot.code.tex
File: pgfmoduleplot.code.tex 2020/12/27 v3.1.8b (3.1.8b)
)
(C:\Users\T-Gamer\AppData\Local\Programs\MiKTeX\tex/latex/pgf/compatibility\pgf
comp-version-0-65.sty
Package: pgfcomp-version-0-65 2020/12/27 v3.1.8b (3.1.8b)
\pgf@nodesepstart=\dimen295
\pgf@nodesepend=\dimen296
)
(C:\Users\T-Gamer\AppData\Local\Programs\MiKTeX\tex/latex/pgf/compatibility\pgf
comp-version-1-18.sty
Package: pgfcomp-version-1-18 2020/12/27 v3.1.8b (3.1.8b)
))
(C:\Users\T-Gamer\AppData\Local\Programs\MiKTeX\tex/latex/latex-tools\verbatim.
sty
Package: verbatim 2020-07-07 v1.5u LaTeX2e package for verbatim enhancements
\every@verbatim=\toks42
\verbatim@line=\toks43
\verbatim@in@stream=\read6
)
(C:\Users\T-Gamer\AppData\Local\Programs\MiKTeX\tex/latex/environ\environ.sty
Package: environ 2014/05/04 v0.3 A new way to define environments

(C:\Users\T-Gamer\AppData\Local\Programs\MiKTeX\tex/latex/trimspaces\trimspaces
.sty
Package: trimspaces 2009/09/17 v1.1 Trim spaces around a token list
))
\tcb@titlebox=\box124
\tcb@upperbox=\box125
\tcb@lowerbox=\box126
\tcb@phantombox=\box127
\c@tcbbreakpart=\count350
\c@tcblayer=\count351
\c@tcolorbox@number=\count352
\tcb@temp=\box128
\tcb@temp=\box129
\tcb@temp=\box130
\tcb@temp=\box131
\tcb@out=\write6
\tcb@record@out=\write7
)
(C:\Users\T-Gamer\AppData\Local\Programs\MiKTeX\tex/latex/amscls\amsthm.sty
Package: amsthm 2020/05/29 v2.20.6
\thm@style=\toks44
\thm@bodyfont=\toks45
\thm@headfont=\toks46
\thm@notefont=\toks47
\thm@headpunct=\toks48
\thm@preskip=\skip108
\thm@postskip=\skip109
\thm@headsep=\skip110
\dth@everypar=\toks49
)
\c@mydef=\count353
runsystem(for ^%i in (pygmentize.exe pygmentize.bat pygmentize.cmd) do set > Pr
ojeto_REA.aex <nul: /p x=^%~$PATH:i>> Projeto_REA.aex)...executed.

runsystem(del Projeto_REA.aex)...executed.


(Projeto REA.aux)
\openout1 = `"Projeto REA.aux"'.

LaTeX Font Info:    Checking defaults for OML/cmm/m/it on input line 90.
LaTeX Font Info:    ... okay on input line 90.
LaTeX Font Info:    Checking defaults for OMS/cmsy/m/n on input line 90.
LaTeX Font Info:    ... okay on input line 90.
LaTeX Font Info:    Checking defaults for OT1/cmr/m/n on input line 90.
LaTeX Font Info:    ... okay on input line 90.
LaTeX Font Info:    Checking defaults for T1/cmr/m/n on input line 90.
LaTeX Font Info:    ... okay on input line 90.
LaTeX Font Info:    Checking defaults for TS1/cmr/m/n on input line 90.
LaTeX Font Info:    ... okay on input line 90.
LaTeX Font Info:    Checking defaults for OMX/cmex/m/n on input line 90.
LaTeX Font Info:    ... okay on input line 90.
LaTeX Font Info:    Checking defaults for U/cmr/m/n on input line 90.
LaTeX Font Info:    ... okay on input line 90.
Package lastpage Info: Please have a look at the pageslts package at
(lastpage)             https://www.ctan.org/pkg/pageslts
(lastpage)             ! on input line 90.
Package caption Info: Begin \AtBeginDocument code.
Package caption Info: subfig package v1.3 is loaded.
Package caption Info: float package is loaded.
Package caption Info: End \AtBeginDocument code.
Package newfloat Info: Trying Plan B...
Package newfloat Info: `float' package detected.

(C:\Users\T-Gamer\AppData\Local\Programs\MiKTeX\tex/context/base/mkii\supp-pdf.
mkii
[Loading MPS to PDF converter (version 2006.09.02).]
\scratchcounter=\count354
\scratchdimen=\dimen297
\scratchbox=\box132
\nofMPsegments=\count355
\nofMParguments=\count356
\everyMPshowfont=\toks50
\MPscratchCnt=\count357
\MPscratchDim=\dimen298
\MPnumerator=\count358
\makeMPintoPDFobject=\count359
\everyMPtoPDFconversion=\toks51
)
(C:\Users\T-Gamer\AppData\Local\Programs\MiKTeX\tex/latex/epstopdf-pkg\epstopdf
-base.sty
Package: epstopdf-base 2020-01-24 v2.11 Base part for package epstopdf
Package epstopdf-base Info: Redefining graphics rule for `.eps' on input line 4
85.

(C:\Users\T-Gamer\AppData\Local\Programs\MiKTeX\tex/latex/00miktex\epstopdf-sys
.cfg
File: epstopdf-sys.cfg 2021/03/18 v2.0 Configuration of epstopdf for MiKTeX
))

Package chemgreek Info: Activating mapping `default' on line 90.

LaTeX Font Info:    Trying to load font information for OT1+ztmcm on input line
 92.

(C:\Users\T-Gamer\AppData\Local\Programs\MiKTeX\tex/latex/psnfss\ot1ztmcm.fd
File: ot1ztmcm.fd 2000/01/03 Fontinst v1.801 font definitions for OT1/ztmcm.
)
LaTeX Font Info:    Trying to load font information for OML+ztmcm on input line
 92.

(C:\Users\T-Gamer\AppData\Local\Programs\MiKTeX\tex/latex/psnfss\omlztmcm.fd
File: omlztmcm.fd 2000/01/03 Fontinst v1.801 font definitions for OML/ztmcm.
)
LaTeX Font Info:    Trying to load font information for OMS+ztmcm on input line
 92.

(C:\Users\T-Gamer\AppData\Local\Programs\MiKTeX\tex/latex/psnfss\omsztmcm.fd
File: omsztmcm.fd 2000/01/03 Fontinst v1.801 font definitions for OMS/ztmcm.
)
LaTeX Font Info:    Trying to load font information for OMX+ztmcm on input line
 92.

(C:\Users\T-Gamer\AppData\Local\Programs\MiKTeX\tex/latex/psnfss\omxztmcm.fd
File: omxztmcm.fd 2000/01/03 Fontinst v1.801 font definitions for OMX/ztmcm.
)
LaTeX Font Info:    Font shape `OT1/ptm/bx/n' in size <12> not available
(Font)              Font shape `OT1/ptm/b/n' tried instead on input line 92.
LaTeX Font Info:    Font shape `OT1/ptm/bx/n' in size <9> not available
(Font)              Font shape `OT1/ptm/b/n' tried instead on input line 92.
LaTeX Font Info:    Font shape `OT1/ptm/bx/n' in size <7> not available
(Font)              Font shape `OT1/ptm/b/n' tried instead on input line 92.

[1


Non-PDF special ignored!
<special> papersize=210mm,297mm
{C:/Users/T-Gamer/AppData/Local/MiKTeX/pdftex/config/pdftex.map}]
Overfull \hbox (2.28001pt too wide) in paragraph at lines 93--93
  $[]$ 
 []

[1] (Projeto REA.lof)
\tf@lof=\write8
\openout8 = `"Projeto REA.lof"'.

 [1

] (Projeto REA.lot)
\tf@lot=\write9
\openout9 = `"Projeto REA.lot"'.

 [2

] (Projeto REA.toc [3


])
\tf@toc=\write10
\openout10 = `"Projeto REA.toc"'.

 [4]
(capitulos/capitulo1.tex
Cap\'{\i }tulo 1.
Package newfloat Info: Setting Plan B file extension to `loa'... on input line 
1.
) (capitulos/capitulo2.tex [13


]
Cap\'{\i }tulo 2.

LaTeX Font Warning: Command \large invalid in math mode on input line 12.

[14

]

LaTeX Font Warning: Command \large invalid in math mode on input line 32.


LaTeX Font Warning: Command \large invalid in math mode on input line 41.

[15]

LaTeX Font Warning: Command \large invalid in math mode on input line 43.

LaTeX Font Info:    Trying to load font information for OT1+pcr on input line 6
7.
(C:\Users\T-Gamer\AppData\Local\Programs\MiKTeX\tex/latex/psnfss\ot1pcr.fd
File: ot1pcr.fd 2001/06/04 font definitions for OT1/pcr.
)
\openout3 = `Projeto_REA.pyg'.


(_minted-Projeto_REA/default-pyg-prefix.pygstyle)
(_minted-Projeto_REA/default.pygstyle)
(_minted-Projeto_REA/188B8E2F5CA71057CB12436B50553ABA7448588429FAB49624D8BB8680
FB4D0D.pygtex
LaTeX Font Info:    Font shape `OT1/pcr/m/it' in size <12> not available
(Font)              Font shape `OT1/pcr/m/sl' tried instead on input line 5.
LaTeX Font Info:    Trying to load font information for TS1+pcr on input line 7
.

(C:\Users\T-Gamer\AppData\Local\Programs\MiKTeX\tex/latex/psnfss\ts1pcr.fd
File: ts1pcr.fd 2001/06/04 font definitions for TS1/pcr.
)
LaTeX Font Info:    Font shape `TS1/pcr/m/it' in size <12> not available
(Font)              Font shape `TS1/pcr/m/sl' tried instead on input line 7.
)
<./Imagens/Regressão Linear/RL1.png, id=40, 432.61626pt x 358.33875pt>
File: ./Imagens/Regressão Linear/RL1.png Graphic file (type png)
<use ./Imagens/Regressão Linear/RL1.png>
Package pdftex.def Info: ./Imagens/Regressão Linear/RL1.png  used on input lin
e 88.
(pdftex.def)             Requested size: 358.50612pt x 296.96725pt.
LaTeX Font Info:    Font shape `OT1/ptm/bx/n' in size <10.95> not available
(Font)              Font shape `OT1/ptm/b/n' tried instead on input line 89.
LaTeX Font Info:    Font shape `OT1/ptm/bx/n' in size <8> not available
(Font)              Font shape `OT1/ptm/b/n' tried instead on input line 89.
LaTeX Font Info:    Font shape `OT1/ptm/bx/n' in size <6> not available
(Font)              Font shape `OT1/ptm/b/n' tried instead on input line 89.

[16]
\openout3 = `Projeto_REA.pyg'.


(_minted-Projeto_REA/0C5A67FF26BF2D28787E6CD65FBFA77C7448588429FAB49624D8BB8680
FB4D0D.pygtex) [17 <./Imagens/Regressão Linear/RL1.png>]
<./Imagens/Regressão Linear/RL2.png, id=52, 432.61626pt x 358.33875pt>
File: ./Imagens/Regressão Linear/RL2.png Graphic file (type png)
<use ./Imagens/Regressão Linear/RL2.png>
Package pdftex.def Info: ./Imagens/Regressão Linear/RL2.png  used on input lin
e 123.
(pdftex.def)             Requested size: 358.50612pt x 296.96725pt.
 [18]

LaTeX Font Warning: Command \large invalid in math mode on input line 130.

LaTeX Font Info:    Trying to load font information for TS1+ptm on input line 1
35.
(C:\Users\T-Gamer\AppData\Local\Programs\MiKTeX\tex/latex/psnfss\ts1ptm.fd
File: ts1ptm.fd 2001/06/04 font definitions for TS1/ptm.
)
[19 <./Imagens/Regressão Linear/RL2.png>]) (capitulos/capitulo3.tex

LaTeX Font Warning: Command \large invalid in math mode on input line 9.

[20]
\openout3 = `Projeto_REA.pyg'.


(_minted-Projeto_REA/A58F543871ABFBB4626832DD5A93A3217448588429FAB49624D8BB8680
FB4D0D.pygtex) [21]
Overfull \vbox (118.14503pt too high) has occurred while \output is active []


[22]
<./Imagens/Teorema de Bayes/Tabela.png, id=70, 243.15843pt x 358.33875pt>
File: ./Imagens/Teorema de Bayes/Tabela.png Graphic file (type png)
<use ./Imagens/Teorema de Bayes/Tabela.png>
Package pdftex.def Info: ./Imagens/Teorema de Bayes/Tabela.png  used on input l
ine 67.
(pdftex.def)             Requested size: 268.8813pt x 396.24614pt.
\openout3 = `Projeto_REA.pyg'.


(_minted-Projeto_REA/553F16B32E793939CFBABC9DDAC376137448588429FAB49624D8BB8680
FB4D0D.pygtex) [23 <./Imagens/Teorema de Bayes/Tabela.png>]
\openout3 = `Projeto_REA.pyg'.


(_minted-Projeto_REA/D62B2968ED741AA539DCEEA0C48B24187448588429FAB49624D8BB8680
FB4D0D.pygtex) [24]) (capitulos/capitulo4.tex [25]

LaTeX Font Warning: Command \large invalid in math mode on input line 39.

[26]

LaTeX Font Warning: Command \large invalid in math mode on input line 54.

\openout3 = `Projeto_REA.pyg'.


(_minted-Projeto_REA/856E9914BFC79079D13A73301E3A6EC67448588429FAB49624D8BB8680
FB4D0D.pygtex) [27] [28]
\openout3 = `Projeto_REA.pyg'.


(_minted-Projeto_REA/D5F7BF186C121CAF2479061C5A28EB4B7448588429FAB49624D8BB8680
FB4D0D.pygtex) [29]
<./Imagens/Transformada de Fourier/TF1.png, id=95, 885.3075pt x 483.8075pt>
File: ./Imagens/Transformada de Fourier/TF1.png Graphic file (type png)
<use ./Imagens/Transformada de Fourier/TF1.png>
Package pdftex.def Info: ./Imagens/Transformada de Fourier/TF1.png  used on inp
ut line 118.
(pdftex.def)             Requested size: 448.13095pt x 244.90036pt.
 [30 <./Imagens/Transformada de Fourier/TF1.png>]
<./Imagens/Transformada de Fourier/TF2.png, id=100, 544.0325pt x 318.18875pt>
File: ./Imagens/Transformada de Fourier/TF2.png Graphic file (type png)
<use ./Imagens/Transformada de Fourier/TF2.png>
Package pdftex.def Info: ./Imagens/Transformada de Fourier/TF2.png  used on inp
ut line 129.
(pdftex.def)             Requested size: 448.13095pt x 262.11082pt.
\openout3 = `Projeto_REA.pyg'.


(_minted-Projeto_REA/FB609CC3A62E7C1F81943D2D27401A4D7448588429FAB49624D8BB8680
FB4D0D.pygtex) [31 <./Imagens/Transformada de Fourier/TF2.png>]
<./Imagens/Transformada de Fourier/TF3.png, id=106, 717.68124pt x 304.13625pt>
File: ./Imagens/Transformada de Fourier/TF3.png Graphic file (type png)
<use ./Imagens/Transformada de Fourier/TF3.png>
Package pdftex.def Info: ./Imagens/Transformada de Fourier/TF3.png  used on inp
ut line 172.
(pdftex.def)             Requested size: 448.13095pt x 189.91296pt.
 [32]
\openout3 = `Projeto_REA.pyg'.


(_minted-Projeto_REA/69264B6B0D3EB9BBC12DA3629AA195BE7448588429FAB49624D8BB8680
FB4D0D.pygtex) [33 <./Imagens/Transformada de Fourier/TF3.png>]
\openout3 = `Projeto_REA.pyg'.


(_minted-Projeto_REA/4F3851AB5AC8ADD7B065291FFA5D63917448588429FAB49624D8BB8680
FB4D0D.pygtex) [34]
\openout3 = `Projeto_REA.pyg'.


(_minted-Projeto_REA/340B5BF9CFEEC810050A8EA5AADA25127448588429FAB49624D8BB8680
FB4D0D.pygtex) [35]
<./Imagens/Transformada de Fourier/TF4.png, id=120, 880.28876pt x 591.20876pt>
File: ./Imagens/Transformada de Fourier/TF4.png Graphic file (type png)
<use ./Imagens/Transformada de Fourier/TF4.png>
Package pdftex.def Info: ./Imagens/Transformada de Fourier/TF4.png  used on inp
ut line 279.
(pdftex.def)             Requested size: 448.13095pt x 300.96219pt.
 [36]
\openout3 = `Projeto_REA.pyg'.


(_minted-Projeto_REA/09B7081104AAABC4139C1A57595AB9CF7448588429FAB49624D8BB8680
FB4D0D.pygtex) [37 <./Imagens/Transformada de Fourier/TF4.png>]
<./Imagens/Transformada de Fourier/TF5.png, id=129, 707.64375pt x 304.13625pt>
File: ./Imagens/Transformada de Fourier/TF5.png Graphic file (type png)
<use ./Imagens/Transformada de Fourier/TF5.png>
Package pdftex.def Info: ./Imagens/Transformada de Fourier/TF5.png  used on inp
ut line 314.
(pdftex.def)             Requested size: 448.13095pt x 192.6046pt.
 [38])
(capitulos/capitulo5.tex [39 <./Imagens/Transformada de Fourier/TF5.png>]

LaTeX Font Warning: Command \large invalid in math mode on input line 19.

[40]
<./Imagens/Distribuição Normal/GA1.png, id=141, 578.16pt x 354.32375pt>
File: ./Imagens/Distribuição Normal/GA1.png Graphic file (type png)
<use ./Imagens/Distribuição Normal/GA1.png>
Package pdftex.def Info: ./Imagens/Distribuição Normal/GA1.png  used on input
 line 46.
(pdftex.def)             Requested size: 448.13095pt x 274.63591pt.
 [41]

LaTeX Font Warning: Command \large invalid in math mode on input line 54.

[42 <./Imagens/Distribuição Normal/GA1.png>]

LaTeX Font Warning: Command \large invalid in math mode on input line 70.


LaTeX Font Warning: Command \large invalid in math mode on input line 74.

\openout3 = `Projeto_REA.pyg'.


(_minted-Projeto_REA/442CE37C0136892F3B37A9CFF9940D487448588429FAB49624D8BB8680
FB4D0D.pygtex) [43]
<./Imagens/Distribuição Normal/GA2.png, id=153, 505.89pt x 334.24875pt>
File: ./Imagens/Distribuição Normal/GA2.png Graphic file (type png)
<use ./Imagens/Distribuição Normal/GA2.png>
Package pdftex.def Info: ./Imagens/Distribuição Normal/GA2.png  used on input
 line 104.
(pdftex.def)             Requested size: 448.13095pt x 296.09319pt.
 [44]
\openout3 = `Projeto_REA.pyg'.


(_minted-Projeto_REA/00349F8D174A6A8424D78F85DA7575E57448588429FAB49624D8BB8680
FB4D0D.pygtex) [45 <./Imagens/Distribuição Normal/GA2.png>]
<./Imagens/Distribuição Normal/GA3.png, id=161, 505.89pt x 334.24875pt>
File: ./Imagens/Distribuição Normal/GA3.png Graphic file (type png)
<use ./Imagens/Distribuição Normal/GA3.png>
Package pdftex.def Info: ./Imagens/Distribuição Normal/GA3.png  used on input
 line 133.
(pdftex.def)             Requested size: 448.13095pt x 296.09319pt.
 [46]
\openout3 = `Projeto_REA.pyg'.


(_minted-Projeto_REA/0394087BC3C54895F14E34728C3CF76F7448588429FAB49624D8BB8680
FB4D0D.pygtex) [47 <./Imagens/Distribuição Normal/GA3.png>]
<./Imagens/Distribuição Normal/GA4.png, id=169, 505.89pt x 334.24875pt>
File: ./Imagens/Distribuição Normal/GA4.png Graphic file (type png)
<use ./Imagens/Distribuição Normal/GA4.png>
Package pdftex.def Info: ./Imagens/Distribuição Normal/GA4.png  used on input
 line 162.
(pdftex.def)             Requested size: 448.13095pt x 296.09319pt.
 [48]

LaTeX Font Warning: Command \large invalid in math mode on input line 171.

<./Imagens/Distribuição Normal/GA5.png, id=173, 508.90125pt x 332.24126pt>
File: ./Imagens/Distribuição Normal/GA5.png Graphic file (type png)
<use ./Imagens/Distribuição Normal/GA5.png>
Package pdftex.def Info: ./Imagens/Distribuição Normal/GA5.png  used on input
 line 179.
(pdftex.def)             Requested size: 448.13095pt x 292.58105pt.
[49 <./Imagens/Distribuição Normal/GA4.png>]
\openout3 = `Projeto_REA.pyg'.


(_minted-Projeto_REA/0C73CD27034EB8D50647FB7211C5278C7448588429FAB49624D8BB8680
FB4D0D.pygtex)
<./Imagens/Distribuição Normal/GA6.png, id=179, 507.8975pt x 330.23375pt>
File: ./Imagens/Distribuição Normal/GA6.png Graphic file (type png)
<use ./Imagens/Distribuição Normal/GA6.png>
Package pdftex.def Info: ./Imagens/Distribuição Normal/GA6.png  used on input
 line 194.
(pdftex.def)             Requested size: 448.13095pt x 291.38258pt.
 [50 <./Imagens/Distribuição Normal/GA5.png>]
\openout3 = `Projeto_REA.pyg'.


(_minted-Projeto_REA/F248D072470BDDC9DFE566334E1194DC7448588429FAB49624D8BB8680
FB4D0D.pygtex)
<./Imagens/Distribuição Normal/GA7.png, id=184, 504.88625pt x 314.17375pt>
File: ./Imagens/Distribuição Normal/GA7.png Graphic file (type png)
<use ./Imagens/Distribuição Normal/GA7.png>
Package pdftex.def Info: ./Imagens/Distribuição Normal/GA7.png  used on input
 line 212.
(pdftex.def)             Requested size: 448.13095pt x 278.8611pt.
 [51 <./Imagens/Distribuição Normal/GA6.png>]
\openout3 = `Projeto_REA.pyg'.


(_minted-Projeto_REA/6F6E5963FA98F0F73A45B6383ECA6ED77448588429FAB49624D8BB8680
FB4D0D.pygtex) [52 <./Imagens/Distribuição Normal/GA7.png>])
(capitulos/capitulo6.tex
<./Imagens/Integral de Riemann/RI1.png, id=193, 490.83376pt x 407.5225pt>
File: ./Imagens/Integral de Riemann/RI1.png Graphic file (type png)
<use ./Imagens/Integral de Riemann/RI1.png>
Package pdftex.def Info: ./Imagens/Integral de Riemann/RI1.png  used on input l
ine 11.
(pdftex.def)             Requested size: 358.50612pt x 297.66306pt.
 [53 <./Imagens/Integral de Riemann/RI1.png>]
<./Imagens/Integral de Riemann/RI2.png, id=198, 490.83376pt x 407.5225pt>
File: ./Imagens/Integral de Riemann/RI2.png Graphic file (type png)
<use ./Imagens/Integral de Riemann/RI2.png>
Package pdftex.def Info: ./Imagens/Integral de Riemann/RI2.png  used on input l
ine 22.
(pdftex.def)             Requested size: 358.50612pt x 297.66306pt.


LaTeX Font Warning: Command \large invalid in math mode on input line 31.

[54 <./Imagens/Integral de Riemann/RI2.png>]

LaTeX Font Warning: Command \large invalid in math mode on input line 51.


LaTeX Font Warning: Command \large invalid in math mode on input line 56.

[55]
\openout3 = `Projeto_REA.pyg'.


(_minted-Projeto_REA/5EB12836A22215B588A26C19BDF118067448588429FAB49624D8BB8680
FB4D0D.pygtex)
\openout3 = `Projeto_REA.pyg'.


(_minted-Projeto_REA/AC95E78F50C4CEB35F799B998DC179A97448588429FAB49624D8BB8680
FB4D0D.pygtex)

LaTeX Font Warning: Command \large invalid in math mode on input line 75.

LaTeX Font Info:    Font shape `OT1/ptm/bx/n' in size <14.4> not available
(Font)              Font shape `OT1/ptm/b/n' tried instead on input line 75.
\openout3 = `Projeto_REA.pyg'.


(_minted-Projeto_REA/9F13CFD3AD7E670D4DC1D1B79BA81D107448588429FAB49624D8BB8680
FB4D0D.pygtex) [56]
<./Imagens/Integral de Riemann/RI3.png, id=210, 481.8pt x 358.33875pt>
File: ./Imagens/Integral de Riemann/RI3.png Graphic file (type png)
<use ./Imagens/Integral de Riemann/RI3.png>
Package pdftex.def Info: ./Imagens/Integral de Riemann/RI3.png  used on input l
ine 108.
(pdftex.def)             Requested size: 358.50612pt x 266.6483pt.
 [57]
\openout3 = `Projeto_REA.pyg'.


(_minted-Projeto_REA/E509B547953D1E97FBC8A9F90DB775377448588429FAB49624D8BB8680
FB4D0D.pygtex) [58 <./Imagens/Integral de Riemann/RI3.png>]
\openout3 = `Projeto_REA.pyg'.


(_minted-Projeto_REA/5333770C00EC51383B21EE268FB222C17448588429FAB49624D8BB8680
FB4D0D.pygtex) [59]
<./Imagens/Integral de Riemann/RI4.png, id=221, 481.8pt x 358.33875pt>
File: ./Imagens/Integral de Riemann/RI4.png Graphic file (type png)
<use ./Imagens/Integral de Riemann/RI4.png>
Package pdftex.def Info: ./Imagens/Integral de Riemann/RI4.png  used on input l
ine 173.
(pdftex.def)             Requested size: 358.50612pt x 266.6483pt.
 [60]
\openout3 = `Projeto_REA.pyg'.


(_minted-Projeto_REA/430FBD40E63DCBC0C3DE40B9544AF13D7448588429FAB49624D8BB8680
FB4D0D.pygtex) [61 <./Imagens/Integral de Riemann/RI4.png>] [62])
(capitulos/capitulo7.tex
<./Imagens/Oscilador/OH1.png, id=233, 859.21pt x 146.5475pt>
File: ./Imagens/Oscilador/OH1.png Graphic file (type png)
<use ./Imagens/Oscilador/OH1.png>
Package pdftex.def Info: ./Imagens/Oscilador/OH1.png  used on input line 14.
(pdftex.def)             Requested size: 358.50612pt x 61.147pt.
 [63 <./Imagens/Oscilador/OH1.png>]

LaTeX Font Warning: Command \large invalid in math mode on input line 27.


LaTeX Font Warning: Command \large invalid in math mode on input line 41.


LaTeX Font Warning: Command \large invalid in math mode on input line 47.


LaTeX Font Warning: Command \large invalid in math mode on input line 51.


LaTeX Font Warning: Command \large invalid in math mode on input line 53.

[64]

LaTeX Font Warning: Command \large invalid in math mode on input line 59.


LaTeX Font Warning: Command \large invalid in math mode on input line 79.

[65]
\openout3 = `Projeto_REA.pyg'.


(_minted-Projeto_REA/4D6CD80AC28D2CB6552A0D425E9522DB7448588429FAB49624D8BB8680
FB4D0D.pygtex) [66]
Overfull \vbox (98.95988pt too high) has occurred while \output is active []


[67]
<./Imagens/Oscilador/OH2.png, id=251, 612.2875pt x 467.7475pt>
File: ./Imagens/Oscilador/OH2.png Graphic file (type png)
<use ./Imagens/Oscilador/OH2.png>
Package pdftex.def Info: ./Imagens/Oscilador/OH2.png  used on input line 140.
(pdftex.def)             Requested size: 358.50612pt x 273.87027pt.
) (capitulos/capitulo8.tex [68 <./Imagens/Oscilador/OH2.png>]
Cap\'{\i }tulo 3.
) [69

]
No file "Projeto REA".bbl.

AED: lastpage setting LastPage
+-------------------------------------------------------------------+
| Comentario, sugestao ou critica sobre o abnTeX? Entre em contato: |
|                  http://abntex.codigolivre.org.br                 |
+-------------------------------------------------------------------+
(Projeto REA.aux)
runsystem(del Projeto_REA.pyg)...executed.

 ) 
Here is how much of TeX's memory you used:
 23477 strings out of 479321
 468435 string characters out of 2855630
 855148 words of memory out of 3000000
 40239 multiletter control sequences out of 15000+600000
 448930 words of font info for 132 fonts, out of 8000000 for 9000
 1141 hyphenation exceptions out of 8191
 111i,9n,116p,812b,616s stack positions out of 5000i,500n,10000p,200000b,80000s
{C:/Users/T-Gamer/AppData/Local/Programs/MiKTeX/fonts/enc/dvips/base/8r.enc}<
C:/Users/T-Gamer/AppData/Local/Programs/MiKTeX/fonts/type1/public/amsfonts/cm/c
mex10.pfb><C:/Users/T-Gamer/AppData/Local/Programs/MiKTeX/fonts/type1/public/am
sfonts/cm/cmmi10.pfb><C:/Users/T-Gamer/AppData/Local/Programs/MiKTeX/fonts/type
1/public/amsfonts/cm/cmr10.pfb><C:/Users/T-Gamer/AppData/Local/Programs/MiKTeX/
fonts/type1/public/amsfonts/cm/cmsy10.pfb><C:/Users/T-Gamer/AppData/Local/Progr
ams/MiKTeX/fonts/type1/urw/courier/ucrb8a.pfb><C:/Users/T-Gamer/AppData/Local/P
rograms/MiKTeX/fonts/type1/urw/courier/ucrr8a.pfb><C:/Users/T-Gamer/AppData/Loc
al/Programs/MiKTeX/fonts/type1/urw/courier/ucrro8a.pfb><C:/Users/T-Gamer/AppDat
a/Local/Programs/MiKTeX/fonts/type1/urw/symbol/usyr.pfb><C:/Users/T-Gamer/AppDa
ta/Local/Programs/MiKTeX/fonts/type1/urw/symbol/usyr.pfb><C:/Users/T-Gamer/AppD
ata/Local/Programs/MiKTeX/fonts/type1/urw/times/utmb8a.pfb><C:/Users/T-Gamer/Ap
pData/Local/Programs/MiKTeX/fonts/type1/urw/times/utmr8a.pfb><C:/Users/T-Gamer/
AppData/Local/Programs/MiKTeX/fonts/type1/urw/times/utmri8a.pfb>
Output written on "Projeto REA.pdf" (63 pages, 955794 bytes).
PDF statistics:
 300 PDF objects out of 1000 (max. 8388607)
 0 named destinations out of 1000 (max. 500000)
 118 words of extra memory for PDF output out of 10000 (max. 10000000)

